#
# There is insufficient memory for the Java Runtime Environment to continue.
# Native memory allocation (mmap) failed to map 536870912 bytes for G1 virtual space
# Possible reasons:
#   The system is out of physical RAM or swap space
#   The process is running with CompressedOops enabled, and the Java Heap may be blocking the growth of the native heap
# Possible solutions:
#   Reduce memory load on the system
#   Increase physical memory or swap space
#   Check if swap backing store is full
#   Decrease Java heap size (-Xmx/-Xms)
#   Decrease number of Java threads
#   Decrease Java thread stack sizes (-Xss)
#   Set larger code cache with -XX:ReservedCodeCacheSize=
#   JVM is running with Zero Based Compressed Oops mode in which the Java heap is
#     placed in the first 32GB address space. The Java Heap base address is the
#     maximum limit for the native heap growth. Please use -XX:HeapBaseMinAddress
#     to set the Java Heap base and to place the Java Heap above 32GB virtual address.
# This output file may be truncated or incomplete.
#
#  Out of Memory Error (os_windows.cpp:3617), pid=74836, tid=40536
#
# JRE version:  (17.0.8.1+1) (build )
# Java VM: OpenJDK 64-Bit Server VM (17.0.8.1+1, mixed mode, emulated-client, sharing, tiered, compressed oops, compressed class ptrs, g1 gc, windows-amd64)
# No core dump will be written. Minidumps are not enabled by default on client versions of Windows
#

---------------  S U M M A R Y ------------

Command Line: -Dcom.sun.management.jmxremote -Dcom.sun.management.jmxremote.port=64887 -Dcom.sun.management.jmxremote.authenticate=false -Dcom.sun.management.jmxremote.ssl=false -Djava.rmi.server.hostname=localhost -Dspring.jmx.enabled=true -Dmanagement.endpoints.jmx.exposure.include=* -Dspring.application.admin.enabled=true -XX:TieredStopAtLevel=1 -Dspring.boot.project.name=macox -Dfile.encoding=UTF-8 -Dstdout.encoding=UTF-8 -Dstderr.encoding=UTF-8 -XX:+ShowCodeDetailsInExceptionMessages com.macox.market.MacoxApplication --spring.output.ansi.enabled=always

Host: Intel(R) Core(TM) i7-10700 CPU @ 2.90GHz, 16 cores, 31G,  Windows 10 , 64 bit Build 19041 (10.0.19041.3636)
Time: Fri Jun  7 17:04:50 2024 Hora estándar oeste, Sudamérica elapsed time: 0.031792 seconds (0d 0h 0m 0s)

---------------  T H R E A D  ---------------

Current thread (0x000002903f67b070):  JavaThread "Unknown thread" [_thread_in_vm, id=40536, stack(0x000000c405c00000,0x000000c405d00000)]

Stack: [0x000000c405c00000,0x000000c405d00000]
Native frames: (J=compiled Java code, j=interpreted, Vv=VM code, C=native code)
V  [jvm.dll+0x678b0a]
V  [jvm.dll+0x835e84]
V  [jvm.dll+0x83762e]
V  [jvm.dll+0x837c93]
V  [jvm.dll+0x24746f]
V  [jvm.dll+0x675859]
V  [jvm.dll+0x66a0ea]
V  [jvm.dll+0x306c7b]
V  [jvm.dll+0x30e166]
V  [jvm.dll+0x35dd3e]
V  [jvm.dll+0x35df6f]
V  [jvm.dll+0x2ddb48]
V  [jvm.dll+0x2deab4]
V  [jvm.dll+0x807f31]
V  [jvm.dll+0x36bb21]
V  [jvm.dll+0x7e733c]
V  [jvm.dll+0x3ee4af]
V  [jvm.dll+0x3f00c1]
C  [jli.dll+0x528b]
C  [ucrtbase.dll+0x21bb2]
C  [KERNEL32.DLL+0x17344]
C  [ntdll.dll+0x526b1]


---------------  P R O C E S S  ---------------

Threads class SMR info:
_java_thread_list=0x00007ff8a0e5a018, length=0, elements={
}

Java Threads: ( => current thread )

Other Threads:
  0x00000290463b07d0 GCTaskThread "GC Thread#0" [stack: 0x000000c405d00000,0x000000c405e00000] [id=77608]
  0x000002903f6ba220 ConcurrentGCThread "G1 Main Marker" [stack: 0x000000c405e00000,0x000000c405f00000] [id=4692]
  0x000002903f6baa40 ConcurrentGCThread "G1 Conc#0" [stack: 0x000000c405f00000,0x000000c406000000] [id=17980]

[error occurred during error reporting (printing all threads), id 0xc0000005, EXCEPTION_ACCESS_VIOLATION (0xc0000005) at pc=0x00007ff8a062e587]

VM state: not at safepoint (not fully initialized)

VM Mutex/Monitor currently owned by a thread:  ([mutex/lock_event])
[0x000002903f677d90] Heap_lock - owner thread: 0x000002903f67b070

Heap address: 0x0000000603400000, size: 8140 MB, Compressed Oops mode: Zero based, Oop shift amount: 3

CDS archive(s) mapped at: [0x0000000000000000-0x0000000000000000-0x0000000000000000), size 0, SharedBaseAddress: 0x0000000800000000, ArchiveRelocationMode: 1.
Narrow klass base: 0x0000000000000000, Narrow klass shift: 0, Narrow klass range: 0x0

GC Precious Log:
<Empty>

Heap:
 garbage-first heap   total 0K, used 0K [0x0000000603400000, 0x0000000800000000)
  region size 4096K, 0 young (0K), 0 survivors (0K)

[error occurred during error reporting (printing heap information), id 0xc0000005, EXCEPTION_ACCESS_VIOLATION (0xc0000005) at pc=0x00007ff8a0a12699]

GC Heap History (0 events):
No events

Dll operation events (1 events):
Event: 0.017 Loaded shared library C:\Program Files\sts-4.20.1.RELEASE\plugins\org.eclipse.justj.openjdk.hotspot.jre.full.win32.x86_64_17.0.8.v20230831-1047\jre\bin\java.dll

Deoptimization events (0 events):
No events

Classes unloaded (0 events):
No events

Classes redefined (0 events):
No events

Internal exceptions (0 events):
No events

VM Operations (0 events):
No events

Events (0 events):
No events


Dynamic libraries:
0x00007ff734160000 - 0x00007ff73416e000 	C:\Program Files\sts-4.20.1.RELEASE\plugins\org.eclipse.justj.openjdk.hotspot.jre.full.win32.x86_64_17.0.8.v20230831-1047\jre\bin\javaw.exe
0x00007ff949c10000 - 0x00007ff949e08000 	C:\windows\SYSTEM32\ntdll.dll
0x00007ff947ce0000 - 0x00007ff947d9d000 	C:\windows\System32\KERNEL32.DLL
0x00007ff947490000 - 0x00007ff947786000 	C:\windows\System32\KERNELBASE.dll
0x00007ff947790000 - 0x00007ff947890000 	C:\windows\System32\ucrtbase.dll
0x00007ff9208b0000 - 0x00007ff9208c9000 	C:\Program Files\sts-4.20.1.RELEASE\plugins\org.eclipse.justj.openjdk.hotspot.jre.full.win32.x86_64_17.0.8.v20230831-1047\jre\bin\VCRUNTIME140.dll
0x00007ff9217c0000 - 0x00007ff9217d7000 	C:\Program Files\sts-4.20.1.RELEASE\plugins\org.eclipse.justj.openjdk.hotspot.jre.full.win32.x86_64_17.0.8.v20230831-1047\jre\bin\jli.dll
0x00007ff948b90000 - 0x00007ff948d2f000 	C:\windows\System32\USER32.dll
0x00007ff9472c0000 - 0x00007ff9472e2000 	C:\windows\System32\win32u.dll
0x00007ff91b540000 - 0x00007ff91b7da000 	C:\windows\WinSxS\amd64_microsoft.windows.common-controls_6595b64144ccf1df_6.0.19041.4355_none_60b8b9eb71f62e16\COMCTL32.dll
0x00007ff947fc0000 - 0x00007ff947feb000 	C:\windows\System32\GDI32.dll
0x00007ff949b30000 - 0x00007ff949bce000 	C:\windows\System32\msvcrt.dll
0x00007ff947930000 - 0x00007ff947a47000 	C:\windows\System32\gdi32full.dll
0x00007ff947890000 - 0x00007ff94792d000 	C:\windows\System32\msvcp_win.dll
0x00007ff947ca0000 - 0x00007ff947cd2000 	C:\windows\System32\IMM32.DLL
0x00007ff8a4ea0000 - 0x00007ff8a4f44000 	C:\Program Files\McAfee\Endpoint Security\Threat Prevention\Ips\EpMPApi.dll
0x00007ff9481a0000 - 0x00007ff9482c3000 	C:\windows\System32\RPCRT4.dll
0x00007ff9487f0000 - 0x00007ff9488a0000 	C:\windows\System32\ADVAPI32.dll
0x00007ff948a80000 - 0x00007ff948b20000 	C:\windows\System32\sechost.dll
0x00007ff9472f0000 - 0x00007ff947317000 	C:\windows\System32\bcrypt.dll
0x00007ff947370000 - 0x00007ff9473d7000 	C:\windows\System32\WINTRUST.dll
0x00007ff947a50000 - 0x00007ff947bae000 	C:\windows\System32\CRYPT32.dll
0x00007ff946e70000 - 0x00007ff946e82000 	C:\windows\SYSTEM32\MSASN1.dll
0x0000000050010000 - 0x000000005001c000 	C:\Program Files\McAfee\Endpoint Security\Threat Prevention\Ips\EpMPThe.dll
0x00007ff88be20000 - 0x00007ff88bed5000 	C:\Program Files\Common Files\McAfee\SystemCore\mfehcinj.dll
0x00007ff9291f0000 - 0x00007ff9291ff000 	C:\Program Files\Common Files\McAfee\SystemCore\mfehcthe.dll
0x00007ff8f3680000 - 0x00007ff8f36e4000 	C:\Program Files\McAfee\MAR\mvcairo_x64.dll
0x00007ff948950000 - 0x00007ff948a7b000 	C:\windows\System32\ole32.dll
0x00007ff9482d0000 - 0x00007ff948623000 	C:\windows\System32\combase.dll
0x00007ff948d30000 - 0x00007ff948dfd000 	C:\windows\System32\OLEAUT32.dll
0x00007ff92a960000 - 0x00007ff92a96c000 	C:\Program Files\sts-4.20.1.RELEASE\plugins\org.eclipse.justj.openjdk.hotspot.jre.full.win32.x86_64_17.0.8.v20230831-1047\jre\bin\vcruntime140_1.dll
0x00007ff8fe4f0000 - 0x00007ff8fe581000 	C:\Program Files\sts-4.20.1.RELEASE\plugins\org.eclipse.justj.openjdk.hotspot.jre.full.win32.x86_64_17.0.8.v20230831-1047\jre\bin\msvcp140.dll
0x00007ff8a0340000 - 0x00007ff8a0f8c000 	C:\Program Files\sts-4.20.1.RELEASE\plugins\org.eclipse.justj.openjdk.hotspot.jre.full.win32.x86_64_17.0.8.v20230831-1047\jre\bin\server\jvm.dll
0x00007ff9467b0000 - 0x00007ff9467fb000 	C:\windows\SYSTEM32\POWRPROF.dll
0x00007ff91fcb0000 - 0x00007ff91fcb9000 	C:\windows\SYSTEM32\WSOCK32.dll
0x00007ff948e00000 - 0x00007ff948e6b000 	C:\windows\System32\WS2_32.dll
0x00007ff91e830000 - 0x00007ff91e857000 	C:\windows\SYSTEM32\WINMM.dll
0x00007ff93fc30000 - 0x00007ff93fc3a000 	C:\windows\SYSTEM32\VERSION.dll
0x00007ff946670000 - 0x00007ff946682000 	C:\windows\SYSTEM32\UMPDC.dll
0x00007ff9458d0000 - 0x00007ff9458e2000 	C:\windows\SYSTEM32\kernel.appcore.dll
0x00007ff942a10000 - 0x00007ff942a1a000 	C:\Program Files\sts-4.20.1.RELEASE\plugins\org.eclipse.justj.openjdk.hotspot.jre.full.win32.x86_64_17.0.8.v20230831-1047\jre\bin\jimage.dll
0x00007ff944cd0000 - 0x00007ff944eb4000 	C:\windows\SYSTEM32\DBGHELP.DLL
0x00007ff91a580000 - 0x00007ff91a5b4000 	C:\windows\SYSTEM32\dbgcore.DLL
0x00007ff947bb0000 - 0x00007ff947c32000 	C:\windows\System32\bcryptPrimitives.dll
0x00007ff9291c0000 - 0x00007ff9291e5000 	C:\Program Files\sts-4.20.1.RELEASE\plugins\org.eclipse.justj.openjdk.hotspot.jre.full.win32.x86_64_17.0.8.v20230831-1047\jre\bin\java.dll

dbghelp: loaded successfully - version: 4.0.5 - missing functions: none
symbol engine: initialized successfully - sym options: 0x614 - pdb path: .;C:\Program Files\sts-4.20.1.RELEASE\plugins\org.eclipse.justj.openjdk.hotspot.jre.full.win32.x86_64_17.0.8.v20230831-1047\jre\bin;C:\windows\SYSTEM32;C:\windows\WinSxS\amd64_microsoft.windows.common-controls_6595b64144ccf1df_6.0.19041.4355_none_60b8b9eb71f62e16;C:\Program Files\McAfee\Endpoint Security\Threat Prevention\Ips;C:\Program Files\Common Files\McAfee\SystemCore;C:\Program Files\McAfee\MAR;C:\Program Files\sts-4.20.1.RELEASE\plugins\org.eclipse.justj.openjdk.hotspot.jre.full.win32.x86_64_17.0.8.v20230831-1047\jre\bin\server

VM Arguments:
jvm_args: -Dcom.sun.management.jmxremote -Dcom.sun.management.jmxremote.port=64887 -Dcom.sun.management.jmxremote.authenticate=false -Dcom.sun.management.jmxremote.ssl=false -Djava.rmi.server.hostname=localhost -Dspring.jmx.enabled=true -Dmanagement.endpoints.jmx.exposure.include=* -Dspring.application.admin.enabled=true -XX:TieredStopAtLevel=1 -Dspring.boot.project.name=macox -Dfile.encoding=UTF-8 -Dstdout.encoding=UTF-8 -Dstderr.encoding=UTF-8 -XX:+ShowCodeDetailsInExceptionMessages 
java_command: com.macox.market.MacoxApplication --spring.output.ansi.enabled=always
java_class_path (initial): C:\Users\mcanqui\spring\maco\macox\bin\main;C:\Users\mcanqui\.gradle\caches\modules-2\files-2.1\org.springframework.boot\spring-boot-starter-data-jpa\3.3.0\daa6f75f99e68f11f473a5681955764ff4d4b024\spring-boot-starter-data-jpa-3.3.0.jar;C:\Users\mcanqui\.gradle\caches\modules-2\files-2.1\org.springframework.boot\spring-boot-starter-web\3.3.0\d8f587bc52e6c31dc4f161a49ce8f5e19f8853a9\spring-boot-starter-web-3.3.0.jar;C:\Users\mcanqui\.gradle\caches\modules-2\files-2.1\org.mapstruct\mapstruct\1.5.5.Final\2ca3cbe39b6e9ea8d5ea521965a89bef2a1e8eeb\mapstruct-1.5.5.Final.jar;C:\Users\mcanqui\.gradle\caches\modules-2\files-2.1\org.springframework.boot\spring-boot-starter-aop\3.3.0\f160f43a3f58618c92677d249a64def02a76830c\spring-boot-starter-aop-3.3.0.jar;C:\Users\mcanqui\.gradle\caches\modules-2\files-2.1\org.springframework.boot\spring-boot-starter-jdbc\3.3.0\d2521191455fbf05c8d5bb49f39cb6d8fcb004b\spring-boot-starter-jdbc-3.3.0.jar;C:\Users\mcanqui\.gradle\caches\modules-2\files-2.1\org.hibernate.orm\hibernate-core\6.5.2.Final\e9e0cc47f6cd2b2553968aee66bd9e55e7485221\hibernate-core-6.5.2.Final.jar;C:\Users\mcanqui\.gradle\caches\modules-2\files-2.1\org.springframework.data\spring-data-jpa\3.3.0\b1a00d814eeffd3024ddc9967b8f1e38d6f9deb7\spring-data-jpa-3.3.0.jar;C:\Users\mcanqui\.gradle\caches\modules-2\files-2.1\org.springframework\spring-aspects\6.1.8\14565483b4dc6171a8d28f953cb202ecbf8fbd0e\spring-aspects-6.1.8.jar;C:\Users\mcanqui\.gradle\caches\modules-2\files-2.1\org.springframework.boot\spring-boot-starter-json\3.3.0\1c9938093b372602f121e2b073f490897388cc71\spring-boot-starter-json-3.3.0.jar;C:\Users\mcanqui\.gradle\caches\modules-2\files-2.1\org.springframework.boot\spring-boot-starter\3.3.0\1af929e0fcb10c2bfc3f3619f4ca9049bd927b\spring-boot-starter-3.3.0.jar;C:\Users\mcanqui\.gradle\caches\modules-2\files-2.1\org.springframework.boot\spring-boot-starter-tomcat\3.3.0\f9cdd6f3976d307e10cce065349e331d7162faf2\spring-boot-starter-tomcat-3.3.0
Launcher Type: SUN_STANDARD

[Global flags]
     intx CICompilerCount                          = 12                                        {product} {ergonomic}
     uint ConcGCThreads                            = 3                                         {product} {ergonomic}
     uint G1ConcRefinementThreads                  = 13                                        {product} {ergonomic}
   size_t G1HeapRegionSize                         = 4194304                                   {product} {ergonomic}
    uintx GCDrainStackTargetSize                   = 64                                        {product} {ergonomic}
   size_t InitialHeapSize                          = 536870912                                 {product} {ergonomic}
     bool ManagementServer                         = true                                      {product} {command line}
   size_t MarkStackSize                            = 4194304                                   {product} {ergonomic}
   size_t MaxHeapSize                              = 8535408640                                {product} {ergonomic}
   size_t MinHeapDeltaBytes                        = 4194304                                   {product} {ergonomic}
   size_t MinHeapSize                              = 8388608                                   {product} {ergonomic}
    uintx NonProfiledCodeHeapSize                  = 0                                      {pd product} {ergonomic}
     bool ProfileInterpreter                       = false                                  {pd product} {command line}
    uintx ProfiledCodeHeapSize                     = 0                                      {pd product} {ergonomic}
     bool ShowCodeDetailsInExceptionMessages       = true                                   {manageable} {command line}
   size_t SoftMaxHeapSize                          = 8535408640                             {manageable} {ergonomic}
     intx TieredStopAtLevel                        = 1                                         {product} {command line}
     bool UseCompressedClassPointers               = true                           {product lp64_product} {ergonomic}
     bool UseCompressedOops                        = true                           {product lp64_product} {ergonomic}
     bool UseG1GC                                  = true                                      {product} {ergonomic}
     bool UseLargePagesIndividualAllocation        = false                                  {pd product} {ergonomic}

Logging:
Log output configuration:
 #0: stdout all=warning uptime,level,tags
 #1: stderr all=off uptime,level,tags

Environment Variables:
PATH=C:/Program Files/sts-4.20.1.RELEASE//plugins/org.eclipse.justj.openjdk.hotspot.jre.full.win32.x86_64_17.0.8.v20230831-1047/jre/bin/server;C:/Program Files/sts-4.20.1.RELEASE//plugins/org.eclipse.justj.openjdk.hotspot.jre.full.win32.x86_64_17.0.8.v20230831-1047/jre/bin;C:\Program Files (x86)\Common Files\Oracle\Java\javapath;C:\windows\system32;C:\windows;C:\windows\System32\Wbem;C:\windows\System32\WindowsPowerShell\v1.0\;C:\windows\System32\OpenSSH\;C:\Program Files\Git\cmd;C:\Program Files (x86)\IBM\Client Access\Emulator;C:\Program Files (x86)\IBM\Client Access\Shared;C:\Program Files (x86)\IBM\Client Access\;C:\Program Files (x86)\dotnet\;C:\Program Files\nodejs\;C:\Program Files\Docker\Docker\resources\bin;C:\Users\mcanqui\AppData\Local\Microsoft\WindowsApps;C:\Users\mcanqui\AppData\Local\GitHubDesktop\bin;C:\Users\mcanqui\AppData\Local\Programs\Microsoft VS Code\bin;C:\Users\mcanqui\AppData\Local\atom\bin;C:\Users\mcanqui\AppData\Roaming\npm;C:\Program Files\sts-4.20.1.RELEASE;
USERNAME=mcanqui
OS=Windows_NT
PROCESSOR_IDENTIFIER=Intel64 Family 6 Model 165 Stepping 5, GenuineIntel
TMP=C:\Users\mcanqui\AppData\Local\Temp
TEMP=C:\Users\mcanqui\AppData\Local\Temp



---------------  S Y S T E M  ---------------

OS:
 Windows 10 , 64 bit Build 19041 (10.0.19041.3636)
OS uptime: 4 days 7:06 hours
Hyper-V role detected

CPU: total 16 (initial active 16) (8 cores per cpu, 2 threads per core) family 6 model 165 stepping 5 microcode 0xfa, cx8, cmov, fxsr, ht, mmx, 3dnowpref, sse, sse2, sse3, ssse3, sse4.1, sse4.2, popcnt, lzcnt, tsc, tscinvbit, avx, avx2, aes, erms, clmul, bmi1, bmi2, adx, fma, vzeroupper, clflush, clflushopt, hv
Processor Information for all 16 processors :
  Max Mhz: 2904, Current Mhz: 2904, Mhz Limit: 2904

Memory: 4k page, system-wide physical 32544M (7379M free)
TotalPageFile size 92104M (AvailPageFile size 507M)
current process WorkingSet (physical memory assigned to process): 13M, peak: 13M
current process commit charge ("private bytes"): 68M, peak: 580M

vm_info: OpenJDK 64-Bit Server VM (17.0.8.1+1) for windows-amd64 JRE (17.0.8.1+1), built on Aug 23 2023 15:29:17 by "admin" with MS VC++ 16.7 (VS2019)

END.
